<?xml version="1.0" encoding="UTF-8"?>
<testng-results ignored="0" total="1" passed="1" failed="0" skipped="0">
  <reporter-output>
  </reporter-output>
  <suite started-at="2022-12-13T13:12:13 EET" name="Default suite" finished-at="2022-12-13T13:12:13 EET" duration-ms="705">
    <groups>
    </groups>
    <test started-at="2022-12-13T13:12:13 EET" name="Default test" finished-at="2022-12-13T13:12:13 EET" duration-ms="705">
      <class name="restAPI.EndToEndTest">
        <test-method signature="test1()[pri:0, instance:restAPI.EndToEndTest@4351c8c3]" started-at="2022-12-13T13:12:13 EET" name="test1" finished-at="2022-12-13T13:12:13 EET" duration-ms="690" status="PASS">
          <reporter-output>
          </reporter-output>
        </test-method> <!-- test1 -->
      </class> <!-- restAPI.EndToEndTest -->
    </test> <!-- Default test -->
  </suite> <!-- Default suite -->
</testng-results>
