<?xml version="1.0" encoding="UTF-8"?>
<testng-results ignored="0" total="1" passed="1" failed="0" skipped="0">
  <reporter-output>
  </reporter-output>
  <suite started-at="2022-12-13T12:43:47 EET" name="Default suite" finished-at="2022-12-13T12:43:48 EET" duration-ms="616">
    <groups>
    </groups>
    <test started-at="2022-12-13T12:43:47 EET" name="Default test" finished-at="2022-12-13T12:43:48 EET" duration-ms="616">
      <class name="restAPI.EndToEndTest">
        <test-method signature="test1()[pri:0, instance:restAPI.EndToEndTest@312ab28e]" started-at="2022-12-13T12:43:47 EET" name="test1" finished-at="2022-12-13T12:43:48 EET" duration-ms="602" status="PASS">
          <reporter-output>
          </reporter-output>
        </test-method> <!-- test1 -->
      </class> <!-- restAPI.EndToEndTest -->
    </test> <!-- Default test -->
  </suite> <!-- Default suite -->
</testng-results>
